[23:45:49.319][info] [#0:/Users/rehma/.config/coc/extensions/coc-sumneko-lua-data/sumneko-lua-ls/extension/server/main.lua:49]: Lua Lsp startup, root: 	/Users/rehma/.config/coc/extensions/coc-sumneko-lua-data/sumneko-lua-ls/extension/server
[23:45:49.320][debug][#0:/Users/rehma/.config/coc/extensions/coc-sumneko-lua-data/sumneko-lua-ls/extension/server/main.lua:50]: ROOT:	/Users/rehma/.config/coc/extensions/coc-sumneko-lua-data/sumneko-lua-ls/extension/server
[23:45:49.320][debug][#0:/Users/rehma/.config/coc/extensions/coc-sumneko-lua-data/sumneko-lua-ls/extension/server/main.lua:51]: LOGPATH:	/Users/rehma/.config/coc/extensions/coc-sumneko-lua-data/sumneko-lua-ls/extension/server/log
[23:45:49.320][debug][#0:/Users/rehma/.config/coc/extensions/coc-sumneko-lua-data/sumneko-lua-ls/extension/server/main.lua:52]: METAPATH:	/Users/rehma/.config/coc/extensions/coc-sumneko-lua-data/sumneko-lua-ls/extension/server/meta
[23:45:49.320][debug][#0:/Users/rehma/.config/coc/extensions/coc-sumneko-lua-data/sumneko-lua-ls/extension/server/main.lua:53]: VERSION:	2.5.0-dev
[23:45:49.364][info] [#0:script/service/telemetry.lua:21]: Telemetry Token:	05FF357DEB97DA72
[23:45:49.369][info] [#0:script/pub/pub.lua:48]: Create brave:	1
[23:45:49.369][info] [#0:script/pub/pub.lua:48]: Create brave:	2
[23:45:49.369][info] [#0:script/pub/pub.lua:48]: Create brave:	3
[23:45:49.369][info] [#0:script/pub/pub.lua:48]: Create brave:	4
[23:45:49.369][debug][#0:script/service/service.lua:138]: 
========= Medical Examination Report =========
    --------------- Memory ---------------
        Total: 1.324 MB
        # 00 : 1.324 MB
        # 01 : 0.000 MB
        # 02 : 0.000 MB
        # 03 : 0.000 MB
        # 04 : 0.000 MB
    --------------- Coroutine ---------------
        Total:     0
        Running:   0
        Suspended: 0
        Normal:    0
        Dead:      0
    --------------- Cache ---------------
        Total: 1
        Dead:  0
    --------------- Proto ---------------
        Holdon:   0
        Waiting:  0
==============================================
[23:45:49.401][debug][#0:script/client.lua:344]: Client init	{
    capabilities = {
        general = {
            markdown = {
                parser = "marked",
                version = "1.1.0",
            },
            regularExpressions = {
                engine = "ECMAScript",
                version = "ES2020",
            },
        },
        textDocument = {
            callHierarchy = {
                dynamicRegistration = true,
            },
            codeAction = {
                codeActionLiteralSupport = {
                    codeActionKind = {
                        valueSet = {
                            [1] = "",
                            [2] = "quickfix",
                            [3] = "refactor",
                            [4] = "refactor.extract",
                            [5] = "refactor.inline",
                            [6] = "refactor.rewrite",
                            [7] = "source",
                            [8] = "source.organizeImports",
                        },
                    },
                },
                dataSupport = true,
                disabledSupport = true,
                dynamicRegistration = true,
                honorsChangeAnnotations = false,
                isPreferredSupport = true,
                resolveSupport = {
                    properties = {
                        [1] = "edit",
                    },
                },
            },
            codeLens = {
                dynamicRegistration = true,
            },
            colorProvider = {
                dynamicRegistration = true,
            },
            completion = {
                completionItem = {
                    commitCharactersSupport = true,
                    deprecatedSupport = true,
                    documentationFormat = {
                        [1] = "markdown",
                        [2] = "plaintext",
                    },
                    insertReplaceSupport = true,
                    insertTextModeSupport = {
                        valueSet = {
                            [1] = 1,
                            [2] = 2,
                        },
                    },
                    preselectSupport = true,
                    resolveSupport = {
                        properties = {
                            [1] = "documentation",
                            [2] = "detail",
                            [3] = "additionalTextEdits",
                        },
                    },
                    snippetSupport = true,
                    tagSupport = {
                        valueSet = {
                            [1] = 1,
                        },
                    },
                },
                completionItemKind = {
                    valueSet = {
                        [01] = 1,
                        [02] = 2,
                        [03] = 3,
                        [04] = 4,
                        [05] = 5,
                        [06] = 6,
                        [07] = 7,
                        [08] = 8,
                        [09] = 9,
                        [10] = 10,
                        [11] = 11,
                        [12] = 12,
                        [13] = 13,
                        [14] = 14,
                        [15] = 15,
                        [16] = 16,
                        [17] = 17,
                        [18] = 18,
                        [19] = 19,
                        [20] = 20,
                        [21] = 21,
                        [22] = 22,
                        [23] = 23,
                        [24] = 24,
                        [25] = 25,
                    },
                },
                contextSupport = true,
                dynamicRegistration = true,
            },
            declaration = {
                dynamicRegistration = true,
            },
            definition = {
                dynamicRegistration = true,
            },
            documentHighlight = {
                dynamicRegistration = true,
            },
            documentLink = {
                dynamicRegistration = true,
                tooltipSupport = true,
            },
            documentSymbol = {
                dynamicRegistration = true,
                hierarchicalDocumentSymbolSupport = true,
                symbolKind = {
                    valueSet = {
                        [01] = 1,
                        [02] = 2,
                        [03] = 3,
                        [04] = 4,
                        [05] = 5,
                        [06] = 6,
                        [07] = 7,
                        [08] = 8,
                        [09] = 9,
                        [10] = 10,
                        [11] = 11,
                        [12] = 12,
                        [13] = 13,
                        [14] = 14,
                        [15] = 15,
                        [16] = 16,
                        [17] = 17,
                        [18] = 18,
                        [19] = 19,
                        [20] = 20,
                        [21] = 21,
                        [22] = 22,
                        [23] = 23,
                        [24] = 24,
                        [25] = 25,
                        [26] = 26,
                    },
                },
                tagSupport = {
                    valueSet = {
                        [1] = 1,
                    },
                },
            },
            foldingRange = {
                dynamicRegistration = true,
                lineFoldingOnly = true,
                rangeLimit = 5000,
            },
            formatting = {
                dynamicRegistration = true,
            },
            hover = {
                contentFormat = {
                    [1] = "markdown",
                    [2] = "plaintext",
                },
                dynamicRegistration = true,
            },
            implementation = {
                dynamicRegistration = true,
            },
            linkedEditingRange = {
                dynamicRegistration = true,
            },
            onTypeFormatting = {
                dynamicRegistration = true,
            },
            publishDiagnostics = {
                relatedInformation = true,
                tagSupport = {
                    valueSet = {
                        [1] = 1,
                        [2] = 2,
                    },
                },
                versionSupport = false,
            },
            rangeFormatting = {
                dynamicRegistration = true,
            },
            references = {
                dynamicRegistration = true,
            },
            rename = {
                dynamicRegistration = true,
                prepareSupport = true,
            },
            selectionRange = {
                dynamicRegistration = true,
            },
            semanticTokens = {
                dynamicRegistration = true,
                formats = {
                    [1] = "relative",
                },
                multilineTokenSupport = false,
                overlappingTokenSupport = false,
                requests = {
                    full = {
                        delta = true,
                    },
                    range = true,
                },
                tokenModifiers = {
                    [01] = "declaration",
                    [02] = "definition",
                    [03] = "readonly",
                    [04] = "static",
                    [05] = "deprecated",
                    [06] = "abstract",
                    [07] = "async",
                    [08] = "modification",
                    [09] = "documentation",
                    [10] = "defaultLibrary",
                },
                tokenTypes = {
                    [01] = "namespace",
                    [02] = "type",
                    [03] = "class",
                    [04] = "enum",
                    [05] = "interface",
                    [06] = "struct",
                    [07] = "typeParameter",
                    [08] = "parameter",
                    [09] = "variable",
                    [10] = "property",
                    [11] = "enumMember",
                    [12] = "event",
                    [13] = "function",
                    [14] = "method",
                    [15] = "macro",
                    [16] = "keyword",
                    [17] = "modifier",
                    [18] = "comment",
                    [19] = "string",
                    [20] = "number",
                    [21] = "regexp",
                    [22] = "operator",
                },
            },
            signatureHelp = {
                contextSupport = true,
                dynamicRegistration = true,
                signatureInformation = {
                    activeParameterSupport = true,
                    documentationFormat = {
                        [1] = "markdown",
                        [2] = "plaintext",
                    },
                    parameterInformation = {
                        labelOffsetSupport = true,
                    },
                },
            },
            synchronization = {
                didSave = true,
                dynamicRegistration = true,
                willSave = true,
                willSaveWaitUntil = true,
            },
            typeDefinition = {
                dynamicRegistration = true,
            },
        },
        window = {
            showDocument = {
                support = false,
            },
            showMessage = {
                messageActionItem = {
                    additionalPropertiesSupport = false,
                },
            },
            workDoneProgress = true,
        },
        workspace = {
            applyEdit = true,
            codeLens = {
                refreshSupport = true,
            },
            configuration = true,
            didChangeConfiguration = {
                dynamicRegistration = true,
            },
            didChangeWatchedFiles = {
                dynamicRegistration = true,
            },
            executeCommand = {
                dynamicRegistration = true,
            },
            fileOperations = {
                didCreate = true,
                didDelete = true,
                didRename = true,
                dynamicRegistration = true,
                willCreate = true,
                willDelete = true,
                willRename = true,
            },
            semanticTokens = {
                refreshSupport = true,
            },
            symbol = {
                dynamicRegistration = true,
                symbolKind = {
                    valueSet = {
                        [01] = 1,
                        [02] = 2,
                        [03] = 3,
                        [04] = 4,
                        [05] = 5,
                        [06] = 6,
                        [07] = 7,
                        [08] = 8,
                        [09] = 9,
                        [10] = 10,
                        [11] = 11,
                        [12] = 12,
                        [13] = 13,
                        [14] = 14,
                        [15] = 15,
                        [16] = 16,
                        [17] = 17,
                        [18] = 18,
                        [19] = 19,
                        [20] = 20,
                        [21] = 21,
                        [22] = 22,
                        [23] = 23,
                        [24] = 24,
                        [25] = 25,
                        [26] = 26,
                    },
                },
                tagSupport = {
                    valueSet = {
                        [1] = 1,
                    },
                },
            },
            workspaceEdit = {
                documentChanges = true,
                failureHandling = "textOnlyTransactional",
                resourceOperations = {
                    [1] = "create",
                    [2] = "rename",
                    [3] = "delete",
                },
            },
            workspaceFolders = true,
        },
    },
    clientInfo = {
        name = "coc.nvim",
        version = "0.0.80",
    },
    initializationOptions = {
        changeConfiguration = true,
    },
    locale = "zh_CN",
    processId = 29103,
    rootPath = "/Users/rehma/WorkSpace/Lua",
    rootUri = "file:///Users/rehma/WorkSpace/Lua",
    trace = "off",
    workDoneToken = "1dc147dd-321e-4094-91d1-496ae70d5300",
    workspaceFolders = {
        [1] = {
            name = "Lua",
            uri = "file:///Users/rehma/WorkSpace/Lua",
        },
    },
}
[23:45:49.401][info] [#0:script/language.lua:135]: VSC language: en-us
[23:45:49.401][info] [#0:script/language.lua:136]: LS  language: en-us
[23:45:49.402][info] [#0:script/workspace/workspace.lua:34]: Workspace inited: 	file:///Users/rehma/WorkSpace/Lua
[23:45:49.402][info] [#0:script/workspace/workspace.lua:43]: Log path: 	/Users/rehma/.config/coc/extensions/coc-sumneko-lua-data/sumneko-lua-ls/extension/server/log/file_Users_rehma_WorkSpace_Lua.log
[23:45:49.403][debug][#0:script/provider/completion.lua:34]: Enable completion.
[23:45:49.403][debug][#0:script/provider/completion.lua:59]: Disable completion.
[23:45:49.403][debug][#0:script/provider/completion.lua:34]: Enable completion.
[23:45:49.403][debug][#0:script/provider/semantic-tokens.lua:33]: Enable semantic tokens.
[23:45:49.403][debug][#0:script/provider/semantic-tokens.lua:108]: Refresh semantic tokens.
[23:45:49.403][debug][#0:script/provider/semantic-tokens.lua:108]: Refresh semantic tokens.
[23:45:49.403][debug][#0:script/provider/semantic-tokens.lua:108]: Refresh semantic tokens.
[23:45:49.404][debug][#0:script/provider/semantic-tokens.lua:108]: Refresh semantic tokens.
[23:45:49.404][debug][#0:script/provider/semantic-tokens.lua:108]: Refresh semantic tokens.
[23:45:49.416][debug][#0:script/provider/provider.lua:48]: load config from client
[23:45:49.416][debug][#0:script/provider/provider.lua:59]: loaded config dump:	{
    Lua = {
        color = {
            mode = "Semantic",
        },
        completion = {
            autoRequire = true,
            callSnippet = "Disable",
            displayContext = 0,
            enable = true,
            keywordSnippet = "Replace",
            requireSeparator = ".",
            showParams = true,
            showWord = "Fallback",
            workspaceWord = true,
        },
        diagnostics = {
            enable = true,
            ignoredFiles = "Opened",
            libraryFiles = "Opened",
            workspaceDelay = 0,
            workspaceRate = 100,
        },
        hint = {
            enable = true,
            paramName = "All",
            paramType = true,
            setType = false,
        },
        hover = {
            enable = true,
            enumsLimit = 5,
            previewFields = 20,
            viewNumber = true,
            viewString = true,
            viewStringMax = 1000,
        },
        misc = {
            parameters = {
            },
        },
        runtime = {
            fileEncoding = "utf8",
            path = {
                [1] = "?.lua",
                [2] = "?/init.lua",
            },
            plugin = "",
            unicodeName = false,
            version = "Lua 5.4",
        },
        signatureHelp = {
            enable = true,
        },
        window = {
            progressBar = true,
            statusBar = true,
        },
        workspace = {
            checkThirdParty = true,
            ignoreDir = {
                [1] = ".vscode",
            },
            ignoreSubmodules = true,
            library = {
                [1] = "~/WorkSpace/Lua",
            },
            maxPreload = 1000,
            preloadFileSize = 100,
            useGitIgnore = true,
        },
    },
}
[23:45:49.416][debug][#0:script/provider/semantic-tokens.lua:108]: Refresh semantic tokens.
[23:45:49.416][debug][#0:script/provider/semantic-tokens.lua:108]: Refresh semantic tokens.
[23:45:49.428][info] [#0:script/plugin.lua:88]: plugin path:	nil
[23:45:50.403][info] [#0:script/workspace/workspace.lua:335]: Preload start.
[23:45:50.404][info] [#0:script/workspace/workspace.lua:129]: Ignore by library:	/Users/rehma/WorkSpace/Lua
[23:45:50.404][info] [#0:script/workspace/workspace.lua:135]: Ignore directory:	.vscode
[23:45:50.404][debug][#0:script/workspace/workspace.lua:168]: getLibraryMatchers	/Users/rehma/.config/coc/extensions/coc-sumneko-lua-data/sumneko-lua-ls/extension/server/meta/Lua 5.4 en-us utf8	/Users/rehma/.config/coc/extensions/coc-sumneko-lua-data/sumneko-lua-ls/extension/server/meta/Lua 5.4 en-us utf8
[23:45:50.404][debug][#0:script/workspace/workspace.lua:168]: getLibraryMatchers	/Users/rehma/WorkSpace/Lua	/Users/rehma/WorkSpace/Lua
[23:45:50.404][info] [#0:script/workspace/workspace.lua:340]: Scan files at:	/Users/rehma/WorkSpace/Lua
[23:45:50.405][info] [#0:script/workspace/workspace.lua:345]: Scan library at:	/Users/rehma/.config/coc/extensions/coc-sumneko-lua-data/sumneko-lua-ls/extension/server/meta/Lua 5.4 en-us utf8
[23:45:50.406][info] [#0:script/workspace/workspace.lua:345]: Scan library at:	/Users/rehma/WorkSpace/Lua
[23:45:50.407][info] [#0:script/workspace/workspace.lua:369]: Found 15 files.
[23:45:50.407][info] [#0:script/workspace/workspace.lua:247]: Preload file at: file:///Users/rehma/.config/coc/extensions/coc-sumneko-lua-data/sumneko-lua-ls/extension/server/meta/Lua%205.4%20en-us%20utf8/package.lua , size = 2.937 KB
[23:45:50.407][info] [#0:script/workspace/workspace.lua:249]: ++++As library of:	/Users/rehma/.config/coc/extensions/coc-sumneko-lua-data/sumneko-lua-ls/extension/server/meta/Lua 5.4 en-us utf8
[23:45:50.410][info] [#0:script/workspace/workspace.lua:372]: Loaded 1/15 files
[23:45:50.411][info] [#0:script/workspace/workspace.lua:247]: Preload file at: file:///Users/rehma/WorkSpace/Lua/main.lua , size = 0.119 KB
[23:45:50.411][info] [#0:script/workspace/workspace.lua:249]: ++++As library of:	/Users/rehma/WorkSpace/Lua
[23:45:50.411][info] [#0:script/workspace/workspace.lua:247]: Preload file at: file:///Users/rehma/WorkSpace/Lua/xlua%E4%BB%A3%E7%A0%81.lua , size = 12.693 KB
[23:45:50.411][info] [#0:script/workspace/workspace.lua:249]: ++++As library of:	/Users/rehma/WorkSpace/Lua
[23:45:50.424][info] [#0:script/workspace/workspace.lua:247]: Preload file at: file:///Users/rehma/.config/coc/extensions/coc-sumneko-lua-data/sumneko-lua-ls/extension/server/meta/Lua%205.4%20en-us%20utf8/builtin.lua , size = 0.216 KB
[23:45:50.424][info] [#0:script/workspace/workspace.lua:249]: ++++As library of:	/Users/rehma/.config/coc/extensions/coc-sumneko-lua-data/sumneko-lua-ls/extension/server/meta/Lua 5.4 en-us utf8
[23:45:50.424][info] [#0:script/workspace/workspace.lua:247]: Preload file at: file:///Users/rehma/.config/coc/extensions/coc-sumneko-lua-data/sumneko-lua-ls/extension/server/meta/Lua%205.4%20en-us%20utf8/utf8.lua , size = 2.352 KB
[23:45:50.424][info] [#0:script/workspace/workspace.lua:249]: ++++As library of:	/Users/rehma/.config/coc/extensions/coc-sumneko-lua-data/sumneko-lua-ls/extension/server/meta/Lua 5.4 en-us utf8
[23:45:50.427][info] [#0:script/workspace/workspace.lua:247]: Preload file at: file:///Users/rehma/.config/coc/extensions/coc-sumneko-lua-data/sumneko-lua-ls/extension/server/meta/Lua%205.4%20en-us%20utf8/io.lua , size = 6.375 KB
[23:45:50.427][info] [#0:script/workspace/workspace.lua:249]: ++++As library of:	/Users/rehma/.config/coc/extensions/coc-sumneko-lua-data/sumneko-lua-ls/extension/server/meta/Lua 5.4 en-us utf8
[23:45:50.433][info] [#0:script/workspace/workspace.lua:247]: Preload file at: file:///Users/rehma/.config/coc/extensions/coc-sumneko-lua-data/sumneko-lua-ls/extension/server/meta/Lua%205.4%20en-us%20utf8/debug.lua , size = 7.516 KB
[23:45:50.433][info] [#0:script/workspace/workspace.lua:249]: ++++As library of:	/Users/rehma/.config/coc/extensions/coc-sumneko-lua-data/sumneko-lua-ls/extension/server/meta/Lua 5.4 en-us utf8
[23:45:50.443][info] [#0:script/workspace/workspace.lua:247]: Preload file at: file:///Users/rehma/.config/coc/extensions/coc-sumneko-lua-data/sumneko-lua-ls/extension/server/meta/Lua%205.4%20en-us%20utf8/coroutine.lua , size = 2.573 KB
[23:45:50.443][info] [#0:script/workspace/workspace.lua:249]: ++++As library of:	/Users/rehma/.config/coc/extensions/coc-sumneko-lua-data/sumneko-lua-ls/extension/server/meta/Lua 5.4 en-us utf8
[23:45:50.447][info] [#0:script/workspace/workspace.lua:247]: Preload file at: file:///Users/rehma/.config/coc/extensions/coc-sumneko-lua-data/sumneko-lua-ls/extension/server/meta/Lua%205.4%20en-us%20utf8/math.lua , size = 8.646 KB
[23:45:50.447][info] [#0:script/workspace/workspace.lua:249]: ++++As library of:	/Users/rehma/.config/coc/extensions/coc-sumneko-lua-data/sumneko-lua-ls/extension/server/meta/Lua 5.4 en-us utf8
[23:45:50.454][info] [#0:script/workspace/workspace.lua:247]: Preload file at: file:///Users/rehma/.config/coc/extensions/coc-sumneko-lua-data/sumneko-lua-ls/extension/server/meta/Lua%205.4%20en-us%20utf8/string.lua , size = 6.207 KB
[23:45:50.454][info] [#0:script/workspace/workspace.lua:249]: ++++As library of:	/Users/rehma/.config/coc/extensions/coc-sumneko-lua-data/sumneko-lua-ls/extension/server/meta/Lua 5.4 en-us utf8
[23:45:50.460][info] [#0:script/workspace/workspace.lua:247]: Preload file at: file:///Users/rehma/.config/coc/extensions/coc-sumneko-lua-data/sumneko-lua-ls/extension/server/meta/Lua%205.4%20en-us%20utf8/os.lua , size = 4.299 KB
[23:45:50.460][info] [#0:script/workspace/workspace.lua:249]: ++++As library of:	/Users/rehma/.config/coc/extensions/coc-sumneko-lua-data/sumneko-lua-ls/extension/server/meta/Lua 5.4 en-us utf8
[23:45:50.464][info] [#0:script/workspace/workspace.lua:247]: Preload file at: file:///Users/rehma/.config/coc/extensions/coc-sumneko-lua-data/sumneko-lua-ls/extension/server/meta/Lua%205.4%20en-us%20utf8/table.lua , size = 2.767 KB
[23:45:50.464][info] [#0:script/workspace/workspace.lua:249]: ++++As library of:	/Users/rehma/.config/coc/extensions/coc-sumneko-lua-data/sumneko-lua-ls/extension/server/meta/Lua 5.4 en-us utf8
[23:45:50.467][info] [#0:script/workspace/workspace.lua:247]: Preload file at: file:///Users/rehma/.config/coc/extensions/coc-sumneko-lua-data/sumneko-lua-ls/extension/server/meta/Lua%205.4%20en-us%20utf8/basic.lua , size = 13.954 KB
[23:45:50.467][info] [#0:script/workspace/workspace.lua:249]: ++++As library of:	/Users/rehma/.config/coc/extensions/coc-sumneko-lua-data/sumneko-lua-ls/extension/server/meta/Lua 5.4 en-us utf8
[23:45:50.475][info] [#0:script/workspace/workspace.lua:247]: Preload file at: file:///Users/rehma/WorkSpace/Lua/xlua%E4%BB%A3%E7%A0%81.lua , size = 12.693 KB
[23:45:50.475][info] [#0:script/workspace/workspace.lua:247]: Preload file at: file:///Users/rehma/WorkSpace/Lua/main.lua , size = 0.119 KB
[23:45:51.220][info] [#0:script/workspace/workspace.lua:372]: Loaded 15/15 files
[23:45:51.221][info] [#0:script/workspace/workspace.lua:381]: Preload finish.
[23:45:51.221][debug][#0:script/provider/provider.lua:213]: didOpen	file:///Users/rehma/WorkSpace/Lua/main.lua
[23:45:51.410][debug][#0:script/provider/diagnostic.lua:253]: publishDiagnostics	file:///Users/rehma/WorkSpace/Lua/main.lua	2
[23:45:53.415][debug][#0:script/provider/diagnostic.lua:371]: 全文诊断耗时：	0.001481
[23:45:55.298][debug][#0:script/provider/diagnostic.lua:253]: publishDiagnostics	file:///Users/rehma/WorkSpace/Lua/main.lua	2
[23:45:56.421][debug][#0:script/provider/diagnostic.lua:371]: 全文诊断耗时：	0.00205
[23:45:58.106][debug][#0:script/provider/provider.lua:223]: didClose	file:///Users/rehma/WorkSpace/Lua/main.lua
[23:45:58.107][debug][#0:script/provider/diagnostic.lua:140]: clearDiagnostics	file:///Users/rehma/WorkSpace/Lua/main.lua
